
*** Running vivado
    with args -log design_1_fourbit_adder_0_0.vds -m64 -product Vivado -mode batch -messageDb vivado.pb -notrace -source design_1_fourbit_adder_0_0.tcl


****** Vivado v2023.2 (64-bit)
  **** SW Build 4029153 on Fri Oct 13 20:13:54 MDT 2023
  **** IP Build 4028589 on Sat Oct 14 00:45:43 MDT 2023
  **** SharedData Build 4025554 on Tue Oct 10 17:18:54 MDT 2023
    ** Copyright 1986-2022 Xilinx, Inc. All Rights Reserved.
    ** Copyright 2022-2023 Advanced Micro Devices, Inc. All Rights Reserved.

source design_1_fourbit_adder_0_0.tcl -notrace
create_project: Time (s): cpu = 00:00:08 ; elapsed = 00:00:08 . Memory (MB): peak = 1335.223 ; gain = 0.023 ; free physical = 515 ; free virtual = 5529
INFO: [IP_Flow 19-234] Refreshing IP repositories
INFO: [IP_Flow 19-1700] Loaded user IP repository '/home/fpga/Desktop/auto/export_final'.
INFO: [IP_Flow 19-2313] Loaded Vivado IP repository '/tools/Xilinx/Vivado/2023.2/data/ip'.
INFO: [IP_Flow 19-6924] IPCACHE: Running cache check for IP inst: design_1_fourbit_adder_0_0
Command: synth_design -top design_1_fourbit_adder_0_0 -part xc7a100tcsg324-1 -incremental_mode off -mode out_of_context
Starting synth_design
Attempting to get a license for feature 'Synthesis' and/or device 'xc7a100t'
INFO: [Common 17-349] Got license for feature 'Synthesis' and/or device 'xc7a100t'
INFO: [Device 21-403] Loading part xc7a100tcsg324-1
INFO: [Synth 8-7079] Multithreading enabled for synth_design using a maximum of 4 processes.
INFO: [Synth 8-7078] Launching helper process for spawning children vivado processes
INFO: [Synth 8-7075] Helper process launched with PID 2922035
---------------------------------------------------------------------------------
Starting RTL Elaboration : Time (s): cpu = 00:00:04 ; elapsed = 00:00:06 . Memory (MB): peak = 2066.977 ; gain = 401.715 ; free physical = 159 ; free virtual = 3625
---------------------------------------------------------------------------------
INFO: [Synth 8-6157] synthesizing module 'design_1_fourbit_adder_0_0' [/home/fpga/Desktop/auto/project_1/project_1.gen/sources_1/bd/design_1/ip/design_1_fourbit_adder_0_0/synth/design_1_fourbit_adder_0_0.v:53]
INFO: [Synth 8-6157] synthesizing module 'fourbit_adder' [/home/fpga/Desktop/auto/project_1/project_1.gen/sources_1/bd/design_1/ipshared/5153/hdl/verilog/fourbit_adder.v:9]
INFO: [Synth 8-6155] done synthesizing module 'fourbit_adder' (0#1) [/home/fpga/Desktop/auto/project_1/project_1.gen/sources_1/bd/design_1/ipshared/5153/hdl/verilog/fourbit_adder.v:9]
INFO: [Synth 8-6155] done synthesizing module 'design_1_fourbit_adder_0_0' (0#1) [/home/fpga/Desktop/auto/project_1/project_1.gen/sources_1/bd/design_1/ip/design_1_fourbit_adder_0_0/synth/design_1_fourbit_adder_0_0.v:53]
---------------------------------------------------------------------------------
Finished RTL Elaboration : Time (s): cpu = 00:00:05 ; elapsed = 00:00:09 . Memory (MB): peak = 2141.945 ; gain = 476.684 ; free physical = 213 ; free virtual = 3344
---------------------------------------------------------------------------------
---------------------------------------------------------------------------------
Start Handling Custom Attributes
---------------------------------------------------------------------------------
---------------------------------------------------------------------------------
Finished Handling Custom Attributes : Time (s): cpu = 00:00:05 ; elapsed = 00:00:09 . Memory (MB): peak = 2159.758 ; gain = 494.496 ; free physical = 201 ; free virtual = 3333
---------------------------------------------------------------------------------
---------------------------------------------------------------------------------
Finished RTL Optimization Phase 1 : Time (s): cpu = 00:00:05 ; elapsed = 00:00:09 . Memory (MB): peak = 2159.758 ; gain = 494.496 ; free physical = 201 ; free virtual = 3333
---------------------------------------------------------------------------------
Netlist sorting complete. Time (s): cpu = 00:00:00 ; elapsed = 00:00:00.03 . Memory (MB): peak = 2159.758 ; gain = 0.000 ; free physical = 182 ; free virtual = 3314
INFO: [Project 1-570] Preparing netlist for logic optimization

Processing XDC Constraints
Initializing timing engine
Parsing XDC File [/home/fpga/Desktop/auto/project_1/project_1.gen/sources_1/bd/design_1/ip/design_1_fourbit_adder_0_0/constraints/fourbit_adder_ooc.xdc] for cell 'inst'
Finished Parsing XDC File [/home/fpga/Desktop/auto/project_1/project_1.gen/sources_1/bd/design_1/ip/design_1_fourbit_adder_0_0/constraints/fourbit_adder_ooc.xdc] for cell 'inst'
Parsing XDC File [/home/fpga/Desktop/auto/project_1/project_1.runs/design_1_fourbit_adder_0_0_synth_1/dont_touch.xdc]
Finished Parsing XDC File [/home/fpga/Desktop/auto/project_1/project_1.runs/design_1_fourbit_adder_0_0_synth_1/dont_touch.xdc]
Completed Processing XDC Constraints

Netlist sorting complete. Time (s): cpu = 00:00:00 ; elapsed = 00:00:00 . Memory (MB): peak = 2240.492 ; gain = 0.000 ; free physical = 136 ; free virtual = 3291
INFO: [Project 1-111] Unisim Transformation Summary:
No Unisim elements were transformed.

Constraint Validation Runtime : Time (s): cpu = 00:00:00.01 ; elapsed = 00:00:00.16 . Memory (MB): peak = 2240.527 ; gain = 0.000 ; free physical = 133 ; free virtual = 3290
INFO: [Designutils 20-5008] Incremental synthesis strategy off
---------------------------------------------------------------------------------
Finished Constraint Validation : Time (s): cpu = 00:00:10 ; elapsed = 00:00:19 . Memory (MB): peak = 2240.527 ; gain = 575.266 ; free physical = 185 ; free virtual = 3280
---------------------------------------------------------------------------------
---------------------------------------------------------------------------------
Start Loading Part and Timing Information
---------------------------------------------------------------------------------
Loading part: xc7a100tcsg324-1
---------------------------------------------------------------------------------
Finished Loading Part and Timing Information : Time (s): cpu = 00:00:10 ; elapsed = 00:00:19 . Memory (MB): peak = 2240.527 ; gain = 575.266 ; free physical = 226 ; free virtual = 3289
---------------------------------------------------------------------------------
---------------------------------------------------------------------------------
Start Applying 'set_property' XDC Constraints
---------------------------------------------------------------------------------
Applied set_property KEEP_HIERARCHY = SOFT for inst. (constraint file  /home/fpga/Desktop/auto/project_1/project_1.runs/design_1_fourbit_adder_0_0_synth_1/dont_touch.xdc, line 9).
---------------------------------------------------------------------------------
Finished applying 'set_property' XDC Constraints : Time (s): cpu = 00:00:10 ; elapsed = 00:00:19 . Memory (MB): peak = 2240.527 ; gain = 575.266 ; free physical = 226 ; free virtual = 3289
---------------------------------------------------------------------------------
---------------------------------------------------------------------------------
Finished RTL Optimization Phase 2 : Time (s): cpu = 00:00:11 ; elapsed = 00:00:20 . Memory (MB): peak = 2240.527 ; gain = 575.266 ; free physical = 218 ; free virtual = 3284
---------------------------------------------------------------------------------
---------------------------------------------------------------------------------
Start RTL Component Statistics 
---------------------------------------------------------------------------------
Detailed RTL Component Info : 
+---XORs : 
	   2 Input      1 Bit         XORs := 1     
	   3 Input      1 Bit         XORs := 3     
---------------------------------------------------------------------------------
Finished RTL Component Statistics 
---------------------------------------------------------------------------------
---------------------------------------------------------------------------------
Start Part Resource Summary
---------------------------------------------------------------------------------
Part Resources:
DSPs: 240 (col length:80)
BRAMs: 270 (col length: RAMB18 80 RAMB36 40)
---------------------------------------------------------------------------------
Finished Part Resource Summary
---------------------------------------------------------------------------------
---------------------------------------------------------------------------------
Start Cross Boundary and Area Optimization
---------------------------------------------------------------------------------
WARNING: [Synth 8-7080] Parallel synthesis criteria is not met
---------------------------------------------------------------------------------
Finished Cross Boundary and Area Optimization : Time (s): cpu = 00:00:12 ; elapsed = 00:00:21 . Memory (MB): peak = 2240.527 ; gain = 575.266 ; free physical = 192 ; free virtual = 3260
---------------------------------------------------------------------------------
---------------------------------------------------------------------------------
Start Applying XDC Timing Constraints
---------------------------------------------------------------------------------
---------------------------------------------------------------------------------
Finished Applying XDC Timing Constraints : Time (s): cpu = 00:00:15 ; elapsed = 00:00:24 . Memory (MB): peak = 2240.527 ; gain = 575.266 ; free physical = 176 ; free virtual = 3252
---------------------------------------------------------------------------------
---------------------------------------------------------------------------------
Start Timing Optimization
---------------------------------------------------------------------------------
---------------------------------------------------------------------------------
Finished Timing Optimization : Time (s): cpu = 00:00:15 ; elapsed = 00:00:24 . Memory (MB): peak = 2240.527 ; gain = 575.266 ; free physical = 176 ; free virtual = 3252
---------------------------------------------------------------------------------
---------------------------------------------------------------------------------
Start Technology Mapping
---------------------------------------------------------------------------------
---------------------------------------------------------------------------------
Finished Technology Mapping : Time (s): cpu = 00:00:15 ; elapsed = 00:00:24 . Memory (MB): peak = 2240.527 ; gain = 575.266 ; free physical = 176 ; free virtual = 3252
---------------------------------------------------------------------------------
---------------------------------------------------------------------------------
Start IO Insertion
---------------------------------------------------------------------------------
---------------------------------------------------------------------------------
Start Flattening Before IO Insertion
---------------------------------------------------------------------------------
---------------------------------------------------------------------------------
Finished Flattening Before IO Insertion
---------------------------------------------------------------------------------
---------------------------------------------------------------------------------
Start Final Netlist Cleanup
---------------------------------------------------------------------------------
---------------------------------------------------------------------------------
Finished Final Netlist Cleanup
---------------------------------------------------------------------------------
---------------------------------------------------------------------------------
Finished IO Insertion : Time (s): cpu = 00:00:19 ; elapsed = 00:00:28 . Memory (MB): peak = 2240.527 ; gain = 575.266 ; free physical = 165 ; free virtual = 3245
---------------------------------------------------------------------------------
---------------------------------------------------------------------------------
Start Renaming Generated Instances
---------------------------------------------------------------------------------
---------------------------------------------------------------------------------
Finished Renaming Generated Instances : Time (s): cpu = 00:00:19 ; elapsed = 00:00:28 . Memory (MB): peak = 2240.527 ; gain = 575.266 ; free physical = 165 ; free virtual = 3245
---------------------------------------------------------------------------------
---------------------------------------------------------------------------------
Start Rebuilding User Hierarchy
---------------------------------------------------------------------------------
---------------------------------------------------------------------------------
Finished Rebuilding User Hierarchy : Time (s): cpu = 00:00:19 ; elapsed = 00:00:28 . Memory (MB): peak = 2240.527 ; gain = 575.266 ; free physical = 165 ; free virtual = 3245
---------------------------------------------------------------------------------
---------------------------------------------------------------------------------
Start Renaming Generated Ports
---------------------------------------------------------------------------------
---------------------------------------------------------------------------------
Finished Renaming Generated Ports : Time (s): cpu = 00:00:19 ; elapsed = 00:00:28 . Memory (MB): peak = 2240.527 ; gain = 575.266 ; free physical = 165 ; free virtual = 3245
---------------------------------------------------------------------------------
---------------------------------------------------------------------------------
Start Handling Custom Attributes
---------------------------------------------------------------------------------
---------------------------------------------------------------------------------
Finished Handling Custom Attributes : Time (s): cpu = 00:00:19 ; elapsed = 00:00:28 . Memory (MB): peak = 2240.527 ; gain = 575.266 ; free physical = 165 ; free virtual = 3245
---------------------------------------------------------------------------------
---------------------------------------------------------------------------------
Start Renaming Generated Nets
---------------------------------------------------------------------------------
---------------------------------------------------------------------------------
Finished Renaming Generated Nets : Time (s): cpu = 00:00:19 ; elapsed = 00:00:28 . Memory (MB): peak = 2240.527 ; gain = 575.266 ; free physical = 165 ; free virtual = 3245
---------------------------------------------------------------------------------
---------------------------------------------------------------------------------
Start Writing Synthesis Report
---------------------------------------------------------------------------------

Report BlackBoxes: 
+-+--------------+----------+
| |BlackBox name |Instances |
+-+--------------+----------+
+-+--------------+----------+

Report Cell Usage: 
+------+-----+------+
|      |Cell |Count |
+------+-----+------+
|1     |LUT2 |     1|
|2     |LUT3 |     2|
|3     |LUT4 |     1|
|4     |LUT6 |     2|
+------+-----+------+
---------------------------------------------------------------------------------
Finished Writing Synthesis Report : Time (s): cpu = 00:00:19 ; elapsed = 00:00:28 . Memory (MB): peak = 2240.527 ; gain = 575.266 ; free physical = 164 ; free virtual = 3244
---------------------------------------------------------------------------------
Synthesis finished with 0 errors, 0 critical warnings and 1 warnings.
Synthesis Optimization Runtime : Time (s): cpu = 00:00:18 ; elapsed = 00:00:24 . Memory (MB): peak = 2240.527 ; gain = 494.496 ; free physical = 164 ; free virtual = 3244
Synthesis Optimization Complete : Time (s): cpu = 00:00:19 ; elapsed = 00:00:28 . Memory (MB): peak = 2240.527 ; gain = 575.266 ; free physical = 164 ; free virtual = 3244
INFO: [Project 1-571] Translating synthesized netlist
Netlist sorting complete. Time (s): cpu = 00:00:00 ; elapsed = 00:00:00 . Memory (MB): peak = 2240.527 ; gain = 0.000 ; free physical = 164 ; free virtual = 3245
INFO: [Project 1-570] Preparing netlist for logic optimization
INFO: [Opt 31-138] Pushed 0 inverter(s) to 0 load pin(s).
Netlist sorting complete. Time (s): cpu = 00:00:00 ; elapsed = 00:00:00 . Memory (MB): peak = 2240.527 ; gain = 0.000 ; free physical = 158 ; free virtual = 3243
INFO: [Project 1-111] Unisim Transformation Summary:
No Unisim elements were transformed.

Synth Design complete | Checksum: 23097a0b
INFO: [Common 17-83] Releasing license: Synthesis
21 Infos, 1 Warnings, 0 Critical Warnings and 0 Errors encountered.
synth_design completed successfully
synth_design: Time (s): cpu = 00:00:22 ; elapsed = 00:00:32 . Memory (MB): peak = 2240.527 ; gain = 905.305 ; free physical = 156 ; free virtual = 3242
INFO: [Common 17-2834] synth_design peak Physical Memory [PSS] (MB): overall = 1745.874; main = 1397.701; forked = 348.173
INFO: [Common 17-2834] synth_design peak Virtual Memory [VSS] (MB): overall = 3233.664; main = 2240.496; forked = 993.168
Write ShapeDB Complete: Time (s): cpu = 00:00:00 ; elapsed = 00:00:00 . Memory (MB): peak = 2264.504 ; gain = 0.000 ; free physical = 155 ; free virtual = 3242
INFO: [Common 17-1381] The checkpoint '/home/fpga/Desktop/auto/project_1/project_1.runs/design_1_fourbit_adder_0_0_synth_1/design_1_fourbit_adder_0_0.dcp' has been generated.
INFO: [Coretcl 2-1648] Added synthesis output to IP cache for IP design_1_fourbit_adder_0_0, cache-ID = 3f821b9ba7588980
Write ShapeDB Complete: Time (s): cpu = 00:00:00 ; elapsed = 00:00:00 . Memory (MB): peak = 2264.504 ; gain = 0.000 ; free physical = 694 ; free virtual = 3790
INFO: [Common 17-1381] The checkpoint '/home/fpga/Desktop/auto/project_1/project_1.runs/design_1_fourbit_adder_0_0_synth_1/design_1_fourbit_adder_0_0.dcp' has been generated.
INFO: [runtcl-4] Executing : report_utilization -file design_1_fourbit_adder_0_0_utilization_synth.rpt -pb design_1_fourbit_adder_0_0_utilization_synth.pb
INFO: [Common 17-206] Exiting Vivado at Tue Apr  9 15:24:28 2024...
