
*** Running vivado
    with args -log top_.vdi -applog -m64 -product Vivado -messageDb vivado.pb -mode batch -source top_.tcl -notrace


****** Vivado v2023.2 (64-bit)
  **** SW Build 4029153 on Fri Oct 13 20:13:54 MDT 2023
  **** IP Build 4028589 on Sat Oct 14 00:45:43 MDT 2023
  **** SharedData Build 4025554 on Tue Oct 10 17:18:54 MDT 2023
    ** Copyright 1986-2022 Xilinx, Inc. All Rights Reserved.
    ** Copyright 2022-2023 Advanced Micro Devices, Inc. All Rights Reserved.

source top_.tcl -notrace
create_project: Time (s): cpu = 00:00:08 ; elapsed = 00:00:11 . Memory (MB): peak = 1305.082 ; gain = 50.836 ; free physical = 1275 ; free virtual = 6096
Command: link_design -top top_ -part xc7a100tcsg324-1
Design is defaulting to srcset: sources_1
Design is defaulting to constrset: constrs_1
INFO: [Device 21-403] Loading part xc7a100tcsg324-1
Netlist sorting complete. Time (s): cpu = 00:00:00 ; elapsed = 00:00:00 . Memory (MB): peak = 1657.934 ; gain = 0.000 ; free physical = 903 ; free virtual = 5748
INFO: [Project 1-479] Netlist was created with Vivado 2023.2
INFO: [Project 1-570] Preparing netlist for logic optimization
Parsing XDC File [/home/fpga/Desktop/clock_sync/clock_sync.srcs/constrs_1/new/myxdc.xdc]
Finished Parsing XDC File [/home/fpga/Desktop/clock_sync/clock_sync.srcs/constrs_1/new/myxdc.xdc]
INFO: [Opt 31-138] Pushed 0 inverter(s) to 0 load pin(s).
Netlist sorting complete. Time (s): cpu = 00:00:00 ; elapsed = 00:00:00 . Memory (MB): peak = 1849.512 ; gain = 0.000 ; free physical = 797 ; free virtual = 5642
INFO: [Project 1-111] Unisim Transformation Summary:
No Unisim elements were transformed.

5 Infos, 0 Warnings, 0 Critical Warnings and 0 Errors encountered.
link_design completed successfully
link_design: Time (s): cpu = 00:00:04 ; elapsed = 00:00:07 . Memory (MB): peak = 1849.512 ; gain = 544.430 ; free physical = 796 ; free virtual = 5641
Command: opt_design
Attempting to get a license for feature 'Implementation' and/or device 'xc7a100t'
INFO: [Common 17-349] Got license for feature 'Implementation' and/or device 'xc7a100t'
Running DRC as a precondition to command opt_design

Starting DRC Task
INFO: [DRC 23-27] Running DRC with 4 threads
INFO: [Project 1-461] DRC finished with 0 Errors
INFO: [Project 1-462] Please refer to the DRC report (report_drc) for more information.

Time (s): cpu = 00:00:00.38 ; elapsed = 00:00:00.77 . Memory (MB): peak = 1849.512 ; gain = 0.000 ; free physical = 786 ; free virtual = 5632

Starting Cache Timing Information Task
INFO: [Timing 38-35] Done setting XDC timing constraints.
Ending Cache Timing Information Task | Checksum: eaf06638

Time (s): cpu = 00:00:05 ; elapsed = 00:00:05 . Memory (MB): peak = 2252.355 ; gain = 402.844 ; free physical = 349 ; free virtual = 5213

Starting Logic Optimization Task

Phase 1 Initialization

Phase 1.1 Core Generation And Design Setup
Phase 1.1 Core Generation And Design Setup | Checksum: eaf06638

Time (s): cpu = 00:00:00 ; elapsed = 00:00:00 . Memory (MB): peak = 2555.191 ; gain = 0.000 ; free physical = 164 ; free virtual = 4933

Phase 1.2 Setup Constraints And Sort Netlist
Phase 1.2 Setup Constraints And Sort Netlist | Checksum: eaf06638

Time (s): cpu = 00:00:00 ; elapsed = 00:00:00 . Memory (MB): peak = 2555.191 ; gain = 0.000 ; free physical = 164 ; free virtual = 4933
Phase 1 Initialization | Checksum: eaf06638

Time (s): cpu = 00:00:00 ; elapsed = 00:00:00.01 . Memory (MB): peak = 2555.191 ; gain = 0.000 ; free physical = 164 ; free virtual = 4933

Phase 2 Timer Update And Timing Data Collection

Phase 2.1 Timer Update
Phase 2.1 Timer Update | Checksum: eaf06638

Time (s): cpu = 00:00:00 ; elapsed = 00:00:00.01 . Memory (MB): peak = 2555.191 ; gain = 0.000 ; free physical = 164 ; free virtual = 4933

Phase 2.2 Timing Data Collection
Phase 2.2 Timing Data Collection | Checksum: eaf06638

Time (s): cpu = 00:00:00 ; elapsed = 00:00:00.04 . Memory (MB): peak = 2555.191 ; gain = 0.000 ; free physical = 164 ; free virtual = 4933
Phase 2 Timer Update And Timing Data Collection | Checksum: eaf06638

Time (s): cpu = 00:00:00 ; elapsed = 00:00:00.04 . Memory (MB): peak = 2555.191 ; gain = 0.000 ; free physical = 164 ; free virtual = 4933

Phase 3 Retarget
INFO: [Opt 31-138] Pushed 0 inverter(s) to 0 load pin(s).
INFO: [Opt 31-49] Retargeted 0 cell(s).
Phase 3 Retarget | Checksum: eaf06638

Time (s): cpu = 00:00:00.01 ; elapsed = 00:00:00.05 . Memory (MB): peak = 2555.191 ; gain = 0.000 ; free physical = 164 ; free virtual = 4933
Retarget | Checksum: eaf06638
INFO: [Opt 31-389] Phase Retarget created 0 cells and removed 0 cells

Phase 4 Constant propagation
INFO: [Opt 31-138] Pushed 0 inverter(s) to 0 load pin(s).
Phase 4 Constant propagation | Checksum: eaf06638

Time (s): cpu = 00:00:00.01 ; elapsed = 00:00:00.05 . Memory (MB): peak = 2555.191 ; gain = 0.000 ; free physical = 164 ; free virtual = 4933
Constant propagation | Checksum: eaf06638
INFO: [Opt 31-389] Phase Constant propagation created 0 cells and removed 0 cells

Phase 5 Sweep
Phase 5 Sweep | Checksum: eaf06638

Time (s): cpu = 00:00:00.01 ; elapsed = 00:00:00.05 . Memory (MB): peak = 2555.191 ; gain = 0.000 ; free physical = 164 ; free virtual = 4933
Sweep | Checksum: eaf06638
INFO: [Opt 31-389] Phase Sweep created 0 cells and removed 0 cells

Phase 6 BUFG optimization
Phase 6 BUFG optimization | Checksum: eaf06638

Time (s): cpu = 00:00:00.02 ; elapsed = 00:00:00.06 . Memory (MB): peak = 2587.207 ; gain = 32.016 ; free physical = 164 ; free virtual = 4933
BUFG optimization | Checksum: eaf06638
INFO: [Opt 31-662] Phase BUFG optimization created 0 cells of which 0 are BUFGs and removed 0 cells.

Phase 7 Shift Register Optimization
INFO: [Opt 31-1064] SRL Remap converted 0 SRLs to 0 registers and converted 0 registers of register chains to 0 SRLs
Phase 7 Shift Register Optimization | Checksum: eaf06638

Time (s): cpu = 00:00:00.02 ; elapsed = 00:00:00.06 . Memory (MB): peak = 2587.207 ; gain = 32.016 ; free physical = 164 ; free virtual = 4933
Shift Register Optimization | Checksum: eaf06638
INFO: [Opt 31-389] Phase Shift Register Optimization created 0 cells and removed 0 cells

Phase 8 Post Processing Netlist
Phase 8 Post Processing Netlist | Checksum: eaf06638

Time (s): cpu = 00:00:00.02 ; elapsed = 00:00:00.06 . Memory (MB): peak = 2587.207 ; gain = 32.016 ; free physical = 164 ; free virtual = 4933
Post Processing Netlist | Checksum: eaf06638
INFO: [Opt 31-389] Phase Post Processing Netlist created 0 cells and removed 0 cells

Phase 9 Finalization

Phase 9.1 Finalizing Design Cores and Updating Shapes
Phase 9.1 Finalizing Design Cores and Updating Shapes | Checksum: eaf06638

Time (s): cpu = 00:00:00.02 ; elapsed = 00:00:00.06 . Memory (MB): peak = 2587.207 ; gain = 32.016 ; free physical = 164 ; free virtual = 4933

Phase 9.2 Verifying Netlist Connectivity

Starting Connectivity Check Task

Time (s): cpu = 00:00:00 ; elapsed = 00:00:00 . Memory (MB): peak = 2587.207 ; gain = 0.000 ; free physical = 164 ; free virtual = 4933
Phase 9.2 Verifying Netlist Connectivity | Checksum: eaf06638

Time (s): cpu = 00:00:00.02 ; elapsed = 00:00:00.06 . Memory (MB): peak = 2587.207 ; gain = 32.016 ; free physical = 164 ; free virtual = 4933
Phase 9 Finalization | Checksum: eaf06638

Time (s): cpu = 00:00:00.02 ; elapsed = 00:00:00.06 . Memory (MB): peak = 2587.207 ; gain = 32.016 ; free physical = 164 ; free virtual = 4933
Opt_design Change Summary
=========================


-------------------------------------------------------------------------------------------------------------------------
|  Phase                        |  #Cells created  |  #Cells Removed  |  #Constrained objects preventing optimizations  |
-------------------------------------------------------------------------------------------------------------------------
|  Retarget                     |               0  |               0  |                                              0  |
|  Constant propagation         |               0  |               0  |                                              0  |
|  Sweep                        |               0  |               0  |                                              0  |
|  BUFG optimization            |               0  |               0  |                                              0  |
|  Shift Register Optimization  |               0  |               0  |                                              0  |
|  Post Processing Netlist      |               0  |               0  |                                              0  |
-------------------------------------------------------------------------------------------------------------------------


Ending Logic Optimization Task | Checksum: eaf06638

Time (s): cpu = 00:00:00.02 ; elapsed = 00:00:00.06 . Memory (MB): peak = 2587.207 ; gain = 32.016 ; free physical = 164 ; free virtual = 4933
INFO: [Constraints 18-11670] Building netlist checker database with flags, 0x8
Done building netlist checker database: Time (s): cpu = 00:00:00 ; elapsed = 00:00:00 . Memory (MB): peak = 2587.207 ; gain = 0.000 ; free physical = 164 ; free virtual = 4933

Starting Power Optimization Task
INFO: [Pwropt 34-132] Skipping clock gating for clocks with a period < 2.00 ns.
Ending Power Optimization Task | Checksum: eaf06638

Time (s): cpu = 00:00:00.01 ; elapsed = 00:00:00.02 . Memory (MB): peak = 2587.207 ; gain = 0.000 ; free physical = 163 ; free virtual = 4932

Starting Final Cleanup Task
Ending Final Cleanup Task | Checksum: eaf06638

Time (s): cpu = 00:00:00 ; elapsed = 00:00:00 . Memory (MB): peak = 2587.207 ; gain = 0.000 ; free physical = 163 ; free virtual = 4932

Starting Netlist Obfuscation Task
Netlist sorting complete. Time (s): cpu = 00:00:00 ; elapsed = 00:00:00 . Memory (MB): peak = 2587.207 ; gain = 0.000 ; free physical = 163 ; free virtual = 4932
Ending Netlist Obfuscation Task | Checksum: eaf06638

Time (s): cpu = 00:00:00 ; elapsed = 00:00:00 . Memory (MB): peak = 2587.207 ; gain = 0.000 ; free physical = 163 ; free virtual = 4932
INFO: [Common 17-83] Releasing license: Implementation
23 Infos, 0 Warnings, 0 Critical Warnings and 0 Errors encountered.
opt_design completed successfully
opt_design: Time (s): cpu = 00:00:07 ; elapsed = 00:00:08 . Memory (MB): peak = 2587.207 ; gain = 737.695 ; free physical = 163 ; free virtual = 4932
INFO: [runtcl-4] Executing : report_drc -file top__drc_opted.rpt -pb top__drc_opted.pb -rpx top__drc_opted.rpx
Command: report_drc -file top__drc_opted.rpt -pb top__drc_opted.pb -rpx top__drc_opted.rpx
INFO: [IP_Flow 19-234] Refreshing IP repositories
INFO: [IP_Flow 19-1704] No user IP repositories specified
INFO: [IP_Flow 19-2313] Loaded Vivado IP repository '/tools/Xilinx/Vivado/2023.2/data/ip'.
INFO: [DRC 23-27] Running DRC with 4 threads
INFO: [Vivado_Tcl 2-168] The results of DRC are in file /home/fpga/Desktop/clock_sync/clock_sync.runs/impl_1/top__drc_opted.rpt.
report_drc completed successfully
INFO: [Timing 38-480] Writing timing data to binary archive.
INFO: [Common 17-1381] The checkpoint '/home/fpga/Desktop/clock_sync/clock_sync.runs/impl_1/top__opt.dcp' has been generated.
Command: place_design
Attempting to get a license for feature 'Implementation' and/or device 'xc7a100t'
INFO: [Common 17-349] Got license for feature 'Implementation' and/or device 'xc7a100t'
INFO: [Common 17-83] Releasing license: Implementation
INFO: [DRC 23-27] Running DRC with 4 threads
INFO: [Vivado_Tcl 4-198] DRC finished with 0 Errors
INFO: [Vivado_Tcl 4-199] Please refer to the DRC report (report_drc) for more information.
Running DRC as a precondition to command place_design
INFO: [DRC 23-27] Running DRC with 4 threads
INFO: [Vivado_Tcl 4-198] DRC finished with 0 Errors
INFO: [Vivado_Tcl 4-199] Please refer to the DRC report (report_drc) for more information.
INFO: [Place 30-611] Multithreading enabled for place_design using a maximum of 4 CPUs

Starting Placer Task

Phase 1 Placer Initialization

Phase 1.1 Placer Initialization Netlist Sorting
Netlist sorting complete. Time (s): cpu = 00:00:00 ; elapsed = 00:00:00 . Memory (MB): peak = 2629.062 ; gain = 0.000 ; free physical = 120 ; free virtual = 4896
Phase 1.1 Placer Initialization Netlist Sorting | Checksum: 39836bf9

Time (s): cpu = 00:00:00 ; elapsed = 00:00:00.01 . Memory (MB): peak = 2629.062 ; gain = 0.000 ; free physical = 120 ; free virtual = 4896
Phase 1 Placer Initialization | Checksum: 39836bf9

Time (s): cpu = 00:00:00 ; elapsed = 00:00:00.1 . Memory (MB): peak = 2629.062 ; gain = 0.000 ; free physical = 119 ; free virtual = 4896
ERROR: [Place 30-494] The design is empty
Resolution: Check if opt_design has removed all the leaf cells of your design.  Check whether you have instantiated and connected all of the top level ports.
Ending Placer Task | Checksum: 39836bf9

Time (s): cpu = 00:00:00 ; elapsed = 00:00:00.1 . Memory (MB): peak = 2629.062 ; gain = 0.000 ; free physical = 119 ; free virtual = 4896
40 Infos, 0 Warnings, 0 Critical Warnings and 2 Errors encountered.
place_design failed
ERROR: [Common 17-69] Command failed: Placer could not place all instances
INFO: [Common 17-206] Exiting Vivado at Tue Apr  9 15:00:15 2024...
